# JRE version: Java(TM) SE Runtime Environment (8.0_161-b12) (build 1.8.0_161-b12)
# Java VM: Java HotSpot(TM) 64-Bit Server VM (25.161-b12 mixed mode windows-amd64 compressed oops)
Heap:
 PSYoungGen      total 59904K, used 25453K [0x00000000d5c00000, 0x00000000dbc00000, 0x0000000100000000)
  eden space 46592K, 27% used [0x00000000d5c00000,0x00000000d6899c28,0x00000000d8980000)
  from space 13312K, 94% used [0x00000000d9800000,0x00000000da441910,0x00000000da500000)
  to   space 14848K, 0% used [0x00000000d8980000,0x00000000d8980000,0x00000000d9800000)
 ParOldGen       total 57856K, used 39344K [0x0000000081400000, 0x0000000084c80000, 0x00000000d5c00000)
  object space 57856K, 68% used [0x0000000081400000,0x0000000083a6c120,0x0000000084c80000)
 Metaspace       used 24361K, capacity 24656K, committed 25088K, reserved 1071104K
  class space    used 2640K, capacity 2717K, committed 2816K, reserved 1048576K
GC Heap History (10 events):
Event: 14.285 GC heap before
{Heap before GC invocations=7 (full 1):
 PSYoungGen      total 37888K, used 32768K [0x00000000d5c00000, 0x00000000da280000, 0x0000000100000000)
  eden space 32768K, 100% used [0x00000000d5c00000,0x00000000d7c00000,0x00000000d7c00000)
  from space 5120K, 0% used [0x00000000d7c80000,0x00000000d7c80000,0x00000000d8180000)
  to   space 10752K, 0% used [0x00000000d9800000,0x00000000d9800000,0x00000000da280000)
 ParOldGen       total 57856K, used 10673K [0x0000000081400000, 0x0000000084c80000, 0x00000000d5c00000)
  object space 57856K, 18% used [0x0000000081400000,0x0000000081e6c7c0,0x0000000084c80000)
 Metaspace       used 22985K, capacity 23256K, committed 23552K, reserved 1071104K
  class space    used 2478K, capacity 2553K, committed 2560K, reserved 1048576K
Event: 14.297 GC heap after
Heap after GC invocations=7 (full 1):
 PSYoungGen      total 60928K, used 8105K [0x00000000d5c00000, 0x00000000da900000, 0x0000000100000000)
  eden space 50176K, 0% used [0x00000000d5c00000,0x00000000d5c00000,0x00000000d8d00000)
  from space 10752K, 75% used [0x00000000d9800000,0x00000000d9fea708,0x00000000da280000)
  to   space 11264K, 0% used [0x00000000d8d00000,0x00000000d8d00000,0x00000000d9800000)
 ParOldGen       total 57856K, used 22831K [0x0000000081400000, 0x0000000084c80000, 0x00000000d5c00000)
  object space 57856K, 39% used [0x0000000081400000,0x0000000082a4bfe0,0x0000000084c80000)
 Metaspace       used 22985K, capacity 23256K, committed 23552K, reserved 1071104K
  class space    used 2478K, capacity 2553K, committed 2560K, reserved 1048576K
}
Event: 23.559 GC heap before
{Heap before GC invocations=8 (full 1):
 PSYoungGen      total 60928K, used 56802K [0x00000000d5c00000, 0x00000000da900000, 0x0000000100000000)
  eden space 50176K, 97% used [0x00000000d5c00000,0x00000000d8b8e3d8,0x00000000d8d00000)
  from space 10752K, 75% used [0x00000000d9800000,0x00000000d9fea708,0x00000000da280000)
  to   space 11264K, 0% used [0x00000000d8d00000,0x00000000d8d00000,0x00000000d9800000)
 ParOldGen       total 57856K, used 22831K [0x0000000081400000, 0x0000000084c80000, 0x00000000d5c00000)
  object space 57856K, 39% used [0x0000000081400000,0x0000000082a4bfe0,0x0000000084c80000)
 Metaspace       used 24263K, capacity 24592K, committed 24832K, reserved 1071104K
  class space    used 2634K, capacity 2717K, committed 2816K, reserved 1048576K
Event: 23.569 GC heap after
Heap after GC invocations=8 (full 1):
 PSYoungGen      total 60416K, used 11045K [0x00000000d5c00000, 0x00000000da400000, 0x0000000100000000)
  eden space 49152K, 0% used [0x00000000d5c00000,0x00000000d5c00000,0x00000000d8c00000)
  from space 11264K, 98% used [0x00000000d8d00000,0x00000000d97c9458,0x00000000d9800000)
  to   space 12288K, 0% used [0x00000000d9800000,0x00000000d9800000,0x00000000da400000)
 ParOldGen       total 57856K, used 33398K [0x0000000081400000, 0x0000000084c80000, 0x00000000d5c00000)
  object space 57856K, 57% used [0x0000000081400000,0x000000008349da68,0x0000000084c80000)
 Metaspace       used 24263K, capacity 24592K, committed 24832K, reserved 1071104K
  class space    used 2634K, capacity 2717K, committed 2816K, reserved 1048576K
}
Event: 23.842 GC heap before
{Heap before GC invocations=9 (full 1):
 PSYoungGen      total 60416K, used 55980K [0x00000000d5c00000, 0x00000000da400000, 0x0000000100000000)
  eden space 49152K, 91% used [0x00000000d5c00000,0x00000000d87e1d70,0x00000000d8c00000)
  from space 11264K, 98% used [0x00000000d8d00000,0x00000000d97c9458,0x00000000d9800000)
  to   space 12288K, 0% used [0x00000000d9800000,0x00000000d9800000,0x00000000da400000)
 ParOldGen       total 57856K, used 33398K [0x0000000081400000, 0x0000000084c80000, 0x00000000d5c00000)
  object space 57856K, 57% used [0x0000000081400000,0x000000008349da68,0x0000000084c80000)
 Metaspace       used 24264K, capacity 24592K, committed 24832K, reserved 1071104K
  class space    used 2635K, capacity 2717K, committed 2816K, reserved 1048576K
Event: 23.845 GC heap after
Heap after GC invocations=9 (full 1):
 PSYoungGen      total 61440K, used 4869K [0x00000000d5c00000, 0x00000000da400000, 0x0000000100000000)
  eden space 49152K, 0% used [0x00000000d5c00000,0x00000000d5c00000,0x00000000d8c00000)
  from space 12288K, 39% used [0x00000000d9800000,0x00000000d9cc1428,0x00000000da400000)
  to   space 11264K, 0% used [0x00000000d8d00000,0x00000000d8d00000,0x00000000d9800000)
 ParOldGen       total 57856K, used 33406K [0x0000000081400000, 0x0000000084c80000, 0x00000000d5c00000)
  object space 57856K, 57% used [0x0000000081400000,0x000000008349fa68,0x0000000084c80000)
 Metaspace       used 24264K, capacity 24592K, committed 24832K, reserved 1071104K
  class space    used 2635K, capacity 2717K, committed 2816K, reserved 1048576K
}
Event: 40.436 GC heap before
{Heap before GC invocations=10 (full 1):
 PSYoungGen      total 61440K, used 52154K [0x00000000d5c00000, 0x00000000da400000, 0x0000000100000000)
  eden space 49152K, 96% used [0x00000000d5c00000,0x00000000d8a2d6a8,0x00000000d8c00000)
  from space 12288K, 39% used [0x00000000d9800000,0x00000000d9cc1428,0x00000000da400000)
  to   space 11264K, 0% used [0x00000000d8d00000,0x00000000d8d00000,0x00000000d9800000)
 ParOldGen       total 57856K, used 33406K [0x0000000081400000, 0x0000000084c80000, 0x00000000d5c00000)
  object space 57856K, 57% used [0x0000000081400000,0x000000008349fa68,0x0000000084c80000)
 Metaspace       used 24310K, capacity 24592K, committed 24832K, reserved 1071104K
  class space    used 2638K, capacity 2717K, committed 2816K, reserved 1048576K
Event: 40.442 GC heap after
Heap after GC invocations=10 (full 1):
 PSYoungGen      total 59392K, used 10975K [0x00000000d5c00000, 0x00000000da500000, 0x0000000100000000)
  eden space 48128K, 0% used [0x00000000d5c00000,0x00000000d5c00000,0x00000000d8b00000)
  from space 11264K, 97% used [0x00000000d8d00000,0x00000000d97b7f78,0x00000000d9800000)
  to   space 13312K, 0% used [0x00000000d9800000,0x00000000d9800000,0x00000000da500000)
 ParOldGen       total 57856K, used 37846K [0x0000000081400000, 0x0000000084c80000, 0x00000000d5c00000)
  object space 57856K, 65% used [0x0000000081400000,0x00000000838f5aa8,0x0000000084c80000)
 Metaspace       used 24310K, capacity 24592K, committed 24832K, reserved 1071104K
  class space    used 2638K, capacity 2717K, committed 2816K, reserved 1048576K
}
Event: 40.721 GC heap before
{Heap before GC invocations=11 (full 1):
 PSYoungGen      total 59392K, used 57974K [0x00000000d5c00000, 0x00000000da500000, 0x0000000100000000)
  eden space 48128K, 97% used [0x00000000d5c00000,0x00000000d89e59a0,0x00000000d8b00000)
  from space 11264K, 97% used [0x00000000d8d00000,0x00000000d97b7f78,0x00000000d9800000)
  to   space 13312K, 0% used [0x00000000d9800000,0x00000000d9800000,0x00000000da500000)
 ParOldGen       total 57856K, used 37846K [0x0000000081400000, 0x0000000084c80000, 0x00000000d5c00000)
  object space 57856K, 65% used [0x0000000081400000,0x00000000838f5aa8,0x0000000084c80000)
 Metaspace       used 24311K, capacity 24592K, committed 24832K, reserved 1071104K
  class space    used 2638K, capacity 2717K, committed 2816K, reserved 1048576K
Event: 40.725 GC heap after
Heap after GC invocations=11 (full 1):
 PSYoungGen      total 59904K, used 12550K [0x00000000d5c00000, 0x00000000dbc00000, 0x0000000100000000)
  eden space 46592K, 0% used [0x00000000d5c00000,0x00000000d5c00000,0x00000000d8980000)
  from space 13312K, 94% used [0x00000000d9800000,0x00000000da441910,0x00000000da500000)
  to   space 14848K, 0% used [0x00000000d8980000,0x00000000d8980000,0x00000000d9800000)
 ParOldGen       total 57856K, used 39344K [0x0000000081400000, 0x0000000084c80000, 0x00000000d5c00000)
  object space 57856K, 68% used [0x0000000081400000,0x0000000083a6c120,0x0000000084c80000)
 Metaspace       used 24311K, capacity 24592K, committed 24832K, reserved 1071104K
  class space    used 2638K, capacity 2717K, committed 2816K, reserved 1048576K
}

